This is pdfTeX, Version 3.14159265-2.6-1.40.19 (TeX Live 2018) (preloaded format=latex 2018.8.25)  25 AUG 2018 20:51
entering extended mode
 restricted \write18 enabled.
 %&-line parsing enabled.
**main.tex
(./main.tex
LaTeX2e <2018-04-01> patch level 2
Babel <3.18> and hyphenation patterns for 84 language(s) loaded.
(/usr/local/texlive/2018/texmf-dist/tex/latex/base/book.cls
Document Class: book 2014/09/29 v1.4h Standard LaTeX document class
(/usr/local/texlive/2018/texmf-dist/tex/latex/base/bk12.clo
File: bk12.clo 2014/09/29 v1.4h Standard LaTeX file (size option)
)
\c@part=\count80
\c@chapter=\count81
\c@section=\count82
\c@subsection=\count83
\c@subsubsection=\count84
\c@paragraph=\count85
\c@subparagraph=\count86
\c@figure=\count87
\c@table=\count88
\abovecaptionskip=\skip41
\belowcaptionskip=\skip42
\bibindent=\dimen102
)
(/usr/local/texlive/2018/texmf-dist/tex/latex/base/inputenc.sty
Package: inputenc 2018/04/06 v1.3b Input encoding file
\inpenc@prehook=\toks14
\inpenc@posthook=\toks15
)
(/usr/local/texlive/2018/texmf-dist/tex/generic/babel/babel.sty
Package: babel 2018/02/14 3.18 The Babel package

(/usr/local/texlive/2018/texmf-dist/tex/generic/babel/switch.def
File: switch.def 2018/02/14 3.18 Babel switching mechanism
)
(/usr/local/texlive/2018/texmf-dist/tex/generic/babel-portuges/portuges.ldf
Language: portuges 2008/03/18 v1.2q Portuguese support from the babel system

(/usr/local/texlive/2018/texmf-dist/tex/generic/babel/babel.def
File: babel.def 2018/02/14 3.18 Babel common definitions
\babel@savecnt=\count89
\U@D=\dimen103

(/usr/local/texlive/2018/texmf-dist/tex/generic/babel/txtbabel.def)
\bbl@dirlevel=\count90
)
\l@brazil = a dialect from \language\l@portuges 
Package babel Info: Making " an active character on input line 145.
))
(/usr/local/texlive/2018/texmf-dist/tex/latex/tools/indentfirst.sty
Package: indentfirst 1995/11/23 v1.03 Indent first paragraph (DPC)
)
(/usr/local/texlive/2018/texmf-dist/tex/latex/setspace/setspace.sty
Package: setspace 2011/12/19 v6.7a set line spacing
)
(/usr/local/texlive/2018/texmf-dist/tex/latex/graphics/graphicx.sty
Package: graphicx 2017/06/01 v1.1a Enhanced LaTeX Graphics (DPC,SPQR)

(/usr/local/texlive/2018/texmf-dist/tex/latex/graphics/keyval.sty
Package: keyval 2014/10/28 v1.15 key=value parser (DPC)
\KV@toks@=\toks16
)
(/usr/local/texlive/2018/texmf-dist/tex/latex/graphics/graphics.sty
Package: graphics 2017/06/25 v1.2c Standard LaTeX Graphics (DPC,SPQR)

(/usr/local/texlive/2018/texmf-dist/tex/latex/graphics/trig.sty
Package: trig 2016/01/03 v1.10 sin cos tan (DPC)
)
(/usr/local/texlive/2018/texmf-dist/tex/latex/graphics-cfg/graphics.cfg
File: graphics.cfg 2016/06/04 v1.11 sample graphics configuration
)
Package graphics Info: Driver file: dvips.def on input line 99.

(/usr/local/texlive/2018/texmf-dist/tex/latex/graphics-def/dvips.def
File: dvips.def 2017/06/20 v3.1d Graphics/color driver for dvips
))
\Gin@req@height=\dimen104
\Gin@req@width=\dimen105
)
(/usr/local/texlive/2018/texmf-dist/tex/latex/caption/subcaption.sty
Package: subcaption 2016/05/22 v1.1-161 Sub-captions (AR)

(/usr/local/texlive/2018/texmf-dist/tex/latex/caption/caption.sty
Package: caption 2016/02/21 v3.3-144 Customizing captions (AR)

(/usr/local/texlive/2018/texmf-dist/tex/latex/caption/caption3.sty
Package: caption3 2016/05/22 v1.7-166 caption3 kernel (AR)
Package caption3 Info: TeX engine: e-TeX on input line 67.
\captionmargin=\dimen106
\captionmargin@=\dimen107
\captionwidth=\dimen108
\caption@tempdima=\dimen109
\caption@indent=\dimen110
\caption@parindent=\dimen111
\caption@hangindent=\dimen112
)
\c@ContinuedFloat=\count91
)
\c@subfigure=\count92
\c@subtable=\count93
)
(/usr/local/texlive/2018/texmf-dist/tex/latex/pdfpages/pdfpages.sty
Package: pdfpages 2017/10/31 v0.5l Insert pages of external PDF documents (AM)

(/usr/local/texlive/2018/texmf-dist/tex/latex/base/ifthen.sty
Package: ifthen 2014/09/29 v1.1c Standard LaTeX ifthen package (DPC)
)
(/usr/local/texlive/2018/texmf-dist/tex/latex/tools/calc.sty
Package: calc 2017/05/25 v4.3 Infix arithmetic (KKT,FJ)
\calc@Acount=\count94
\calc@Bcount=\count95
\calc@Adimen=\dimen113
\calc@Bdimen=\dimen114
\calc@Askip=\skip43
\calc@Bskip=\skip44
LaTeX Info: Redefining \setlength on input line 80.
LaTeX Info: Redefining \addtolength on input line 81.
\calc@Ccount=\count96
\calc@Cskip=\skip45
)
(/usr/local/texlive/2018/texmf-dist/tex/latex/eso-pic/eso-pic.sty
Package: eso-pic 2015/07/21 v2.0g eso-pic (RN)

(/usr/local/texlive/2018/texmf-dist/tex/generic/oberdiek/atbegshi.sty
Package: atbegshi 2016/06/09 v1.18 At begin shipout hook (HO)

(/usr/local/texlive/2018/texmf-dist/tex/generic/oberdiek/infwarerr.sty
Package: infwarerr 2016/05/16 v1.4 Providing info/warning/error messages (HO)
)
(/usr/local/texlive/2018/texmf-dist/tex/generic/oberdiek/ltxcmds.sty
Package: ltxcmds 2016/05/16 v1.23 LaTeX kernel commands for general use (HO)
)
(/usr/local/texlive/2018/texmf-dist/tex/generic/oberdiek/ifpdf.sty
Package: ifpdf 2017/03/15 v3.2 Provides the ifpdf switch
))
(/usr/local/texlive/2018/texmf-dist/tex/latex/xcolor/xcolor.sty
Package: xcolor 2016/05/11 v2.12 LaTeX color extensions (UK)

(/usr/local/texlive/2018/texmf-dist/tex/latex/graphics-cfg/color.cfg
File: color.cfg 2016/01/02 v1.6 sample color configuration
)
Package xcolor Info: Driver file: dvips.def on input line 225.
Package xcolor Info: Model `cmy' substituted by `cmy0' on input line 1348.
Package xcolor Info: Model `RGB' extended on input line 1364.
Package xcolor Info: Model `HTML' substituted by `rgb' on input line 1366.
Package xcolor Info: Model `Hsb' substituted by `hsb' on input line 1367.
Package xcolor Info: Model `tHsb' substituted by `hsb' on input line 1368.
Package xcolor Info: Model `HSB' substituted by `hsb' on input line 1369.
Package xcolor Info: Model `Gray' substituted by `gray' on input line 1370.
Package xcolor Info: Model `wave' substituted by `hsb' on input line 1371.
))
\AM@pagewidth=\dimen115
\AM@pageheight=\dimen116

(/usr/local/texlive/2018/texmf-dist/tex/latex/pdfpages/pppdftex.def
File: pppdftex.def 2017/10/31 v0.5l Pdfpages driver for pdfTeX (AM)

(/usr/local/texlive/2018/texmf-dist/tex/latex/pdfpages/ppnull.def
File: ppnull.def 2017/10/31 v0.5l Pdfpages dummy driver (AM)


Package pdfpages Warning: I will use a dummy \includepdf command which
(pdfpages)                will insert empty pages instead of the actual PDF,
(pdfpages)                because we are running in DVI mode or with
(pdfpages)                dvips driver.

))
\AM@pagebox=\box26
\AM@global@opts=\toks17
\AM@toc@title=\toks18
\c@AM@survey=\count97
\AM@templatesizebox=\box27
) (/usr/local/texlive/2018/texmf-dist/tex/latex/amsmath/amsmath.sty
Package: amsmath 2017/09/02 v2.17a AMS math features
\@mathmargin=\skip46

For additional information on amsmath, use the `?' option.
(/usr/local/texlive/2018/texmf-dist/tex/latex/amsmath/amstext.sty
Package: amstext 2000/06/29 v2.01 AMS text

(/usr/local/texlive/2018/texmf-dist/tex/latex/amsmath/amsgen.sty
File: amsgen.sty 1999/11/30 v2.0 generic functions
\@emptytoks=\toks19
\ex@=\dimen117
))
(/usr/local/texlive/2018/texmf-dist/tex/latex/amsmath/amsbsy.sty
Package: amsbsy 1999/11/29 v1.2d Bold Symbols
\pmbraise@=\dimen118
)
(/usr/local/texlive/2018/texmf-dist/tex/latex/amsmath/amsopn.sty
Package: amsopn 2016/03/08 v2.02 operator names
)
\inf@bad=\count98
LaTeX Info: Redefining \frac on input line 213.
\uproot@=\count99
\leftroot@=\count100
LaTeX Info: Redefining \overline on input line 375.
\classnum@=\count101
\DOTSCASE@=\count102
LaTeX Info: Redefining \ldots on input line 472.
LaTeX Info: Redefining \dots on input line 475.
LaTeX Info: Redefining \cdots on input line 596.
\Mathstrutbox@=\box28
\strutbox@=\box29
\big@size=\dimen119
LaTeX Font Info:    Redeclaring font encoding OML on input line 712.
LaTeX Font Info:    Redeclaring font encoding OMS on input line 713.
\macc@depth=\count103
\c@MaxMatrixCols=\count104
\dotsspace@=\muskip10
\c@parentequation=\count105
\dspbrk@lvl=\count106
\tag@help=\toks20
\row@=\count107
\column@=\count108
\maxfields@=\count109
\andhelp@=\toks21
\eqnshift@=\dimen120
\alignsep@=\dimen121
\tagshift@=\dimen122
\tagwidth@=\dimen123
\totwidth@=\dimen124
\lineht@=\dimen125
\@envbody=\toks22
\multlinegap=\skip47
\multlinetaggap=\skip48
\mathdisplay@stack=\toks23
LaTeX Info: Redefining \[ on input line 2817.
LaTeX Info: Redefining \] on input line 2818.
)
(/usr/local/texlive/2018/texmf-dist/tex/latex/amsfonts/amssymb.sty
Package: amssymb 2013/01/14 v3.01 AMS font symbols

(/usr/local/texlive/2018/texmf-dist/tex/latex/amsfonts/amsfonts.sty
Package: amsfonts 2013/01/14 v3.01 Basic AMSFonts support
\symAMSa=\mathgroup4
\symAMSb=\mathgroup5
LaTeX Font Info:    Overwriting math alphabet `\mathfrak' in version `bold'
(Font)                  U/euf/m/n --> U/euf/b/n on input line 106.
))
(/usr/local/texlive/2018/texmf-dist/tex/latex/amscls/amsthm.sty
Package: amsthm 2017/10/31 v2.20.4
\thm@style=\toks24
\thm@bodyfont=\toks25
\thm@headfont=\toks26
\thm@notefont=\toks27
\thm@headpunct=\toks28
\thm@preskip=\skip49
\thm@postskip=\skip50
\thm@headsep=\skip51
\dth@everypar=\toks29
)
(/usr/local/texlive/2018/texmf-dist/tex/latex/jknapltx/mathrsfs.sty
Package: mathrsfs 1996/01/01 Math RSFS package v1.0 (jk)
\symrsfs=\mathgroup6
)
(/usr/local/texlive/2018/texmf-dist/tex/latex/float/float.sty
Package: float 2001/11/08 v1.3d Float enhancements (AL)
\c@float@type=\count110
\float@exts=\toks30
\float@box=\box30
\@float@everytoks=\toks31
\@floatcapt=\box31
)
(/usr/local/texlive/2018/texmf-dist/tex/latex/natbib/natbib.sty
Package: natbib 2010/09/13 8.31b (PWD, AO)
\bibhang=\skip52
\bibsep=\skip53
LaTeX Info: Redefining \cite on input line 694.
\c@NAT@ctr=\count111
)
(/usr/local/texlive/2018/texmf-dist/tex/latex/fancyhdr/fancyhdr.sty
Package: fancyhdr 2017/06/30 v3.9a Extensive control of page headers and footer
s
\f@nch@headwidth=\skip54
\f@nch@O@elh=\skip55
\f@nch@O@erh=\skip56
\f@nch@O@olh=\skip57
\f@nch@O@orh=\skip58
\f@nch@O@elf=\skip59
\f@nch@O@erf=\skip60
\f@nch@O@olf=\skip61
\f@nch@O@orf=\skip62
)
(/usr/local/texlive/2018/texmf-dist/tex/latex/tools/longtable.sty
Package: longtable 2014/10/28 v4.11 Multi-page Table package (DPC)
\LTleft=\skip63
\LTright=\skip64
\LTpre=\skip65
\LTpost=\skip66
\LTchunksize=\count112
\LTcapwidth=\dimen126
\LT@head=\box32
\LT@firsthead=\box33
\LT@foot=\box34
\LT@lastfoot=\box35
\LT@cols=\count113
\LT@rows=\count114
\c@LT@tables=\count115
\c@LT@chunks=\count116
\LT@p@ftn=\toks32
)
(/usr/local/texlive/2018/texmf-dist/tex/latex/multirow/multirow.sty
Package: multirow 2016/11/25 v2.2 Span multiple rows of a table
\multirow@colwidth=\skip67
\multirow@cntb=\count117
\multirow@dima=\skip68
\bigstrutjot=\dimen127
)
(/usr/local/texlive/2018/texmf-dist/tex/latex/tools/array.sty
Package: array 2018/04/07 v2.4g Tabular extension package (FMi)
\col@sep=\dimen128
\ar@mcellbox=\box36
\extrarowheight=\dimen129
\NC@list=\toks33
\extratabsurround=\skip69
\backup@length=\skip70
\ar@cellbox=\box37
)
(/usr/local/texlive/2018/texmf-dist/tex/latex/oberdiek/pdflscape.sty
Package: pdflscape 2016/05/14 v0.11 Display of landscape pages in PDF (HO)

(/usr/local/texlive/2018/texmf-dist/tex/latex/graphics/lscape.sty
Package: lscape 2000/10/22 v3.01 Landscape Pages (DPC)
)
(/usr/local/texlive/2018/texmf-dist/tex/generic/ifxetex/ifxetex.sty
Package: ifxetex 2010/09/12 v0.6 Provides ifxetex conditional
)
Package pdflscape Info: Auto-detected driver: dvips (dvips) on input line 125.
)
(/usr/local/texlive/2018/texmf-dist/tex/latex/listings/listings.sty
\lst@mode=\count118
\lst@gtempboxa=\box38
\lst@token=\toks34
\lst@length=\count119
\lst@currlwidth=\dimen130
\lst@column=\count120
\lst@pos=\count121
\lst@lostspace=\dimen131
\lst@width=\dimen132
\lst@newlines=\count122
\lst@lineno=\count123
\lst@maxwidth=\dimen133

(/usr/local/texlive/2018/texmf-dist/tex/latex/listings/lstmisc.sty
File: lstmisc.sty 2015/06/04 1.6 (Carsten Heinz)
\c@lstnumber=\count124
\lst@skipnumbers=\count125
\lst@framebox=\box39
)
(/usr/local/texlive/2018/texmf-dist/tex/latex/listings/listings.cfg
File: listings.cfg 2015/06/04 1.6 listings configuration
))
Package: listings 2015/06/04 1.6 (Carsten Heinz)

(./slashbox.sty
slashbox style by K.Yasuoka, May 1993.
\@slashboxa=\box40
\@slashboxb=\box41
\@slashboxc=\box42
\@slashboxwd=\count126
\@slashboxht=\count127
\@slashsepl=\dimen134
\@slashsepr=\dimen135
) (/usr/local/texlive/2018/texmf-dist/tex/latex/arydshln/arydshln.sty
Package: arydshln 2016/04/28 v1.73 
\dashlinedash=\dimen136
\dashlinegap=\dimen137
\adl@box=\box43
\adl@height=\dimen138
\adl@heightsave=\dimen139
\adl@depth=\dimen140
\adl@depthsave=\dimen141
\adl@finaldepth=\dimen142
\adl@columns=\count128
\adl@ncol=\count129
\adl@currentcolumn=\count130
\adl@currentcolumnsave=\count131
\adl@totalheight=\count132
\adl@totalheightsave=\count133
\adl@dash=\count134
\adl@gap=\count135
\adl@cla=\count136
\adl@clb=\count137
\adl@everyvbox=\toks35
\adl@LTpagetotal=\dimen143
)
(/usr/local/texlive/2018/texmf-dist/tex/latex/tocbibind/tocbibind.sty
Package: tocbibind 2010/10/13 v1.5k extra ToC listings
Package tocbibind Info: The document has chapter divisions on input line 50.


Package tocbibind Note: Using chapter style headings, unless overridden.

) (/usr/local/texlive/2018/texmf-dist/tex/latex/geometry/geometry.sty
Package: geometry 2018/03/24 v5.7 Page Geometry

(/usr/local/texlive/2018/texmf-dist/tex/generic/oberdiek/ifvtex.sty
Package: ifvtex 2016/05/16 v1.6 Detect VTeX and its facilities (HO)
Package ifvtex Info: VTeX not detected.
)
\Gm@cnth=\count138
\Gm@cntv=\count139
\c@Gm@tempcnt=\count140
\Gm@bindingoffset=\dimen144
\Gm@wd@mp=\dimen145
\Gm@odd@mp=\dimen146
\Gm@even@mp=\dimen147
\Gm@layoutwidth=\dimen148
\Gm@layoutheight=\dimen149
\Gm@layouthoffset=\dimen150
\Gm@layoutvoffset=\dimen151
\Gm@dimlist=\toks36
)
(/usr/local/texlive/2018/texmf-dist/tex/latex/hyperref/hyperref.sty
Package: hyperref 2018/02/06 v6.86b Hypertext links for LaTeX

(/usr/local/texlive/2018/texmf-dist/tex/generic/oberdiek/hobsub-hyperref.sty
Package: hobsub-hyperref 2016/05/16 v1.14 Bundle oberdiek, subset hyperref (HO)


(/usr/local/texlive/2018/texmf-dist/tex/generic/oberdiek/hobsub-generic.sty
Package: hobsub-generic 2016/05/16 v1.14 Bundle oberdiek, subset generic (HO)
Package: hobsub 2016/05/16 v1.14 Construct package bundles (HO)
Package hobsub Info: Skipping package `infwarerr' (already loaded).
Package hobsub Info: Skipping package `ltxcmds' (already loaded).
Package: ifluatex 2016/05/16 v1.4 Provides the ifluatex switch (HO)
Package ifluatex Info: LuaTeX not detected.
Package hobsub Info: Skipping package `ifvtex' (already loaded).
Package: intcalc 2016/05/16 v1.2 Expandable calculations with integers (HO)
Package hobsub Info: Skipping package `ifpdf' (already loaded).
Package: etexcmds 2016/05/16 v1.6 Avoid name clashes with e-TeX commands (HO)
Package etexcmds Info: Could not find \expanded.
(etexcmds)             That can mean that you are not using pdfTeX 1.50 or
(etexcmds)             that some package has redefined \expanded.
(etexcmds)             In the latter case, load this package earlier.
Package: kvsetkeys 2016/05/16 v1.17 Key value parser (HO)
Package: kvdefinekeys 2016/05/16 v1.4 Define keys (HO)
Package: pdftexcmds 2018/01/30 v0.27 Utility functions of pdfTeX for LuaTeX (HO
)
Package pdftexcmds Info: LuaTeX not detected.
Package pdftexcmds Info: \pdf@primitive is available.
Package pdftexcmds Info: \pdf@ifprimitive is available.
Package pdftexcmds Info: \pdfdraftmode is ignored in DVI mode.
Package: pdfescape 2016/05/16 v1.14 Implements pdfTeX's escape features (HO)
Package: bigintcalc 2016/05/16 v1.4 Expandable calculations on big integers (HO
)
Package: bitset 2016/05/16 v1.2 Handle bit-vector datatype (HO)
Package: uniquecounter 2016/05/16 v1.3 Provide unlimited unique counter (HO)
)
Package hobsub Info: Skipping package `hobsub' (already loaded).
Package: letltxmacro 2016/05/16 v1.5 Let assignment for LaTeX macros (HO)
Package: hopatch 2016/05/16 v1.3 Wrapper for package hooks (HO)
Package: xcolor-patch 2016/05/16 xcolor patch
Package: atveryend 2016/05/16 v1.9 Hooks at the very end of document (HO)
Package atveryend Info: \enddocument detected (standard20110627).
Package hobsub Info: Skipping package `atbegshi' (already loaded).
Package: refcount 2016/05/16 v3.5 Data extraction from label references (HO)
Package: hycolor 2016/05/16 v1.8 Color options for hyperref/bookmark (HO)
)
(/usr/local/texlive/2018/texmf-dist/tex/latex/oberdiek/auxhook.sty
Package: auxhook 2016/05/16 v1.4 Hooks for auxiliary files (HO)
)
(/usr/local/texlive/2018/texmf-dist/tex/latex/oberdiek/kvoptions.sty
Package: kvoptions 2016/05/16 v3.12 Key value format for package options (HO)
)
\@linkdim=\dimen152
\Hy@linkcounter=\count141
\Hy@pagecounter=\count142

(/usr/local/texlive/2018/texmf-dist/tex/latex/hyperref/pd1enc.def
File: pd1enc.def 2018/02/06 v6.86b Hyperref: PDFDocEncoding definition (HO)
Now handling font encoding PD1 ...
... no UTF-8 mapping file for font encoding PD1
)
\Hy@SavedSpaceFactor=\count143

(/usr/local/texlive/2018/texmf-dist/tex/latex/latexconfig/hyperref.cfg
File: hyperref.cfg 2002/06/06 v1.2 hyperref configuration of TeXLive
)
Package hyperref Info: Option `linktocpage' set `false' on input line 4383.
Package hyperref Info: Option `colorlinks' set `true' on input line 4383.
Package hyperref Info: Hyper figures OFF on input line 4509.
Package hyperref Info: Link nesting OFF on input line 4514.
Package hyperref Info: Hyper index ON on input line 4517.
Package hyperref Info: Plain pages OFF on input line 4524.
Package hyperref Info: Backreferencing ON on input line 4527.
Package hyperref Info: Implicit mode ON; LaTeX internals redefined.
Package hyperref Info: Bookmarks ON on input line 4762.

(/usr/local/texlive/2018/texmf-dist/tex/latex/hyperref/backref.sty
Package: backref 2016/05/21 v1.39 Bibliographical back referencing

(/usr/local/texlive/2018/texmf-dist/tex/latex/oberdiek/rerunfilecheck.sty
Package: rerunfilecheck 2016/05/16 v1.8 Rerun checks for auxiliary files (HO)
Package uniquecounter Info: New unique counter `rerunfilecheck' on input line 2
82.
))
\c@Hy@tempcnt=\count144

(/usr/local/texlive/2018/texmf-dist/tex/latex/url/url.sty
\Urlmuskip=\muskip11
Package: url 2013/09/16  ver 3.4  Verb mode for urls, etc.
)
LaTeX Info: Redefining \url on input line 5115.
\XeTeXLinkMargin=\dimen153
\Fld@menulength=\count145
\Field@Width=\dimen154
\Fld@charsize=\dimen155
Package hyperref Info: Hyper figures OFF on input line 6369.
Package hyperref Info: Link nesting OFF on input line 6374.
Package hyperref Info: Hyper index ON on input line 6377.
Package hyperref Info: backreferencing ON on input line 6382.
Package hyperref Info: Link coloring ON on input line 6387.
Package hyperref Info: Link coloring with OCG OFF on input line 6394.
Package hyperref Info: PDF/A mode OFF on input line 6399.
LaTeX Info: Redefining \ref on input line 6439.
LaTeX Info: Redefining \pageref on input line 6443.
\Hy@abspage=\count146
\c@Item=\count147
\c@Hfootnote=\count148
)
Package hyperref Info: Driver (default): hdvips.

(/usr/local/texlive/2018/texmf-dist/tex/latex/hyperref/hdvips.def
File: hdvips.def 2018/02/06 v6.86b Hyperref driver for dvips

(/usr/local/texlive/2018/texmf-dist/tex/latex/hyperref/pdfmark.def
File: pdfmark.def 2018/02/06 v6.86b Hyperref definitions for pdfmark specials
\pdf@docset=\toks37
\pdf@box=\box44
\pdf@toks=\toks38
\pdf@defaulttoks=\toks39
\HyField@AnnotCount=\count149
\Fld@listcount=\count150
\c@bookmark@seq@number=\count151
\Hy@SectionHShift=\skip71
))
(/usr/local/texlive/2018/texmf-dist/tex/latex/listings/lstlang1.sty
File: lstlang1.sty 2015/06/04 1.6 listings language file
)
(./main.aux (./parte1_pre-textuais/item01_capa.aux)
(./parte1_pre-textuais/item03_folha_de_rosto.aux)
(./parte1_pre-textuais/item06_dedicatoria.aux)
(./parte1_pre-textuais/item07_agradecimentos.aux)
(./parte1_pre-textuais/item08_epigrafe.aux)
(./parte1_pre-textuais/item09_resumo.aux)
(./parte1_pre-textuais/item10_abstract.aux)
(./parte1_pre-textuais/item11_lista_de_figuras.aux)
(./parte1_pre-textuais/item12_lista_de_tabelas.aux)
(./parte1_pre-textuais/item13_lista_de_siglas.aux)
(./parte1_pre-textuais/item14_lista_de_simbolos.aux)
(./parte1_pre-textuais/item15_sumario.aux)
(./parte2_textuais/cap1_introducao.aux)
(./parte2_textuais/cap2_fundamentacao.aux)
(./parte2_textuais/cap3_modelagem.aux) (./parte2_textuais/cap4_metodologia.aux)
(./parte2_textuais/cap5_resultados.aux) (./parte2_textuais/cap6_conclusao.aux))
\openout1 = `main.aux'.

LaTeX Font Info:    Checking defaults for OML/cmm/m/it on input line 132.
LaTeX Font Info:    ... okay on input line 132.
LaTeX Font Info:    Checking defaults for T1/cmr/m/n on input line 132.
LaTeX Font Info:    ... okay on input line 132.
LaTeX Font Info:    Checking defaults for OT1/cmr/m/n on input line 132.
LaTeX Font Info:    ... okay on input line 132.
LaTeX Font Info:    Checking defaults for OMS/cmsy/m/n on input line 132.
LaTeX Font Info:    ... okay on input line 132.
LaTeX Font Info:    Checking defaults for OMX/cmex/m/n on input line 132.
LaTeX Font Info:    ... okay on input line 132.
LaTeX Font Info:    Checking defaults for U/cmr/m/n on input line 132.
LaTeX Font Info:    ... okay on input line 132.
LaTeX Font Info:    Checking defaults for PD1/pdf/m/n on input line 132.
LaTeX Font Info:    ... okay on input line 132.
Package caption Info: Begin \AtBeginDocument code.
Package caption Info: float package is loaded.
Package caption Info: hyperref package is loaded.
Package caption Info: listings package is loaded.
Package caption Info: longtable package is loaded.
(/usr/local/texlive/2018/texmf-dist/tex/latex/caption/ltcaption.sty
Package: ltcaption 2013/06/09 v1.4-94 longtable captions (AR)
)
Package caption Info: End \AtBeginDocument code.
\AtBeginShipoutBox=\box45
\c@lstlisting=\count152

*geometry* driver: auto-detecting
*geometry* detected driver: dvips
*geometry* verbose mode - [ preamble ] result:
* driver: dvips
* paper: a4paper
* layout: <same size as paper>
* layoutoffset:(h,v)=(0.0pt,0.0pt)
* modes: 
* h-part:(L,W,R)=(85.35826pt, 455.24411pt, 56.9055pt)
* v-part:(T,H,B)=(85.35826pt, 702.78308pt, 56.9055pt)
* \paperwidth=597.50787pt
* \paperheight=845.04684pt
* \textwidth=455.24411pt
* \textheight=702.78308pt
* \oddsidemargin=13.08827pt
* \evensidemargin=13.08827pt
* \topmargin=-21.78552pt
* \headheight=15.0pt
* \headsep=19.8738pt
* \topskip=12.0pt
* \footskip=30.0pt
* \marginparwidth=38.0pt
* \marginparsep=7.0pt
* \columnsep=10.0pt
* \skip\footins=10.8pt plus 4.0pt minus 2.0pt
* \hoffset=0.0pt
* \voffset=0.0pt
* \mag=1000
* \@twocolumnfalse
* \@twosidefalse
* \@mparswitchfalse
* \@reversemarginfalse
* (1in=72.27pt=25.4mm, 1cm=28.453pt)

Package backref Info: ** backref set up for natbib ** on input line 132.
Package hyperref Info: Link coloring ON on input line 132.
(/usr/local/texlive/2018/texmf-dist/tex/latex/hyperref/nameref.sty
Package: nameref 2016/05/21 v2.44 Cross-referencing by name of section

(/usr/local/texlive/2018/texmf-dist/tex/generic/oberdiek/gettitlestring.sty
Package: gettitlestring 2016/05/16 v1.5 Cleanup title references (HO)
)
\c@section@level=\count153
)
LaTeX Info: Redefining \ref on input line 132.
LaTeX Info: Redefining \pageref on input line 132.
LaTeX Info: Redefining \nameref on input line 132.

(./main.out) (./main.out)
\@outlinefile=\write3
\openout3 = `main.out'.

\openout2 = `parte1_pre-textuais/item01_capa.aux'.

 (./parte1_pre-textuais/item01_capa.tex

! LaTeX Error: Cannot determine size of graphic in pasta1_figuras/logo_ufam-eps
-converted-to.pdf (no BoundingBox).

See the LaTeX manual or LaTeX Companion for explanation.
Type  H <return>  for immediate help.
 ...                                              
                                                  
l.7 ...ta1_figuras/logo_ufam-eps-converted-to.pdf}
                                                  
Try typing  <return>  to proceed.
If that doesn't work, type  X <return>  to quit.

File: pasta1_figuras/logo_ufam-eps-converted-to.pdf Graphic file (type eps)
<pasta1_figuras/logo_ufam-eps-converted-to.pdf>
Package babel Info: Redefining portuges shorthand "|
(babel)             in language  on input line 23.
Package babel Info: Redefining portuges shorthand "|
(babel)             in language  on input line 23.
 [1



])
\openout2 = `parte1_pre-textuais/item03_folha_de_rosto.aux'.


(./parte1_pre-textuais/item03_folha_de_rosto.tex
LaTeX Font Info:    Try loading font information for U+msa on input line 13.

(/usr/local/texlive/2018/texmf-dist/tex/latex/amsfonts/umsa.fd
File: umsa.fd 2013/01/14 v3.01 AMS symbols A
)
LaTeX Font Info:    Try loading font information for U+msb on input line 13.

(/usr/local/texlive/2018/texmf-dist/tex/latex/amsfonts/umsb.fd
File: umsb.fd 2013/01/14 v3.01 AMS symbols B
)
LaTeX Font Info:    Try loading font information for U+rsfs on input line 13.

(/usr/local/texlive/2018/texmf-dist/tex/latex/jknapltx/ursfs.fd
File: ursfs.fd 1998/03/24 rsfs font definition file (jk)
))
Package babel Info: Redefining portuges shorthand "|
(babel)             in language  on input line 136.
Package babel Info: Redefining portuges shorthand "|
(babel)             in language  on input line 136.
 [1


]
\openout2 = `parte1_pre-textuais/item06_dedicatoria.aux'.


(./parte1_pre-textuais/item06_dedicatoria.tex)
Package babel Info: Redefining portuges shorthand "|
(babel)             in language  on input line 139.
Package babel Info: Redefining portuges shorthand "|
(babel)             in language  on input line 139.
 [2


]
\openout2 = `parte1_pre-textuais/item07_agradecimentos.aux'.


(./parte1_pre-textuais/item07_agradecimentos.tex)
Package babel Info: Redefining portuges shorthand "|
(babel)             in language  on input line 140.
Package babel Info: Redefining portuges shorthand "|
(babel)             in language  on input line 140.
 [3



]
\openout2 = `parte1_pre-textuais/item08_epigrafe.aux'.


(./parte1_pre-textuais/item08_epigrafe.tex
Underfull \hbox (badness 10000) in paragraph at lines 10--11

 []


Underfull \hbox (badness 10000) in paragraph at lines 10--11

 []

)
Package babel Info: Redefining portuges shorthand "|
(babel)             in language  on input line 141.
Package babel Info: Redefining portuges shorthand "|
(babel)             in language  on input line 141.
 [4


]
\openout2 = `parte1_pre-textuais/item09_resumo.aux'.

 (./parte1_pre-textuais/item09_resumo.tex)
Package babel Info: Redefining portuges shorthand "|
(babel)             in language  on input line 142.
Package babel Info: Redefining portuges shorthand "|
(babel)             in language  on input line 142.
 [5



]
\openout2 = `parte1_pre-textuais/item10_abstract.aux'.


(./parte1_pre-textuais/item10_abstract.tex)
Package babel Info: Redefining portuges shorthand "|
(babel)             in language  on input line 143.
Package babel Info: Redefining portuges shorthand "|
(babel)             in language  on input line 143.
 [6



]
\openout2 = `parte1_pre-textuais/item11_lista_de_figuras.aux'.


(./parte1_pre-textuais/item11_lista_de_figuras.tex (./main.lof)
\tf@lof=\write4
\openout4 = `main.lof'.

)
Package babel Info: Redefining portuges shorthand "|
(babel)             in language  on input line 144.
Package babel Info: Redefining portuges shorthand "|
(babel)             in language  on input line 144.
 [1



]
\openout2 = `parte1_pre-textuais/item12_lista_de_tabelas.aux'.


(./parte1_pre-textuais/item12_lista_de_tabelas.tex (./main.lot)
\tf@lot=\write5
\openout5 = `main.lot'.

)
Package babel Info: Redefining portuges shorthand "|
(babel)             in language  on input line 145.
Package babel Info: Redefining portuges shorthand "|
(babel)             in language  on input line 145.
 [2



]
\openout2 = `parte1_pre-textuais/item13_lista_de_siglas.aux'.


(./parte1_pre-textuais/item13_lista_de_siglas.tex
Overfull \hbox (475.78304pt too wide) in alignment at lines 5--10
 [] [] [] 
 []


Overfull \hbox (475.78304pt too wide) has occurred while \output is active
 [] [] [] 
 []

)
Package babel Info: Redefining portuges shorthand "|
(babel)             in language  on input line 146.
Package babel Info: Redefining portuges shorthand "|
(babel)             in language  on input line 146.
 [3



]
\openout2 = `parte1_pre-textuais/item14_lista_de_simbolos.aux'.

 (./parte1_pre-textuais/item14_lista_de_simbolos.tex
Overfull \hbox (477.0177pt too wide) in alignment at lines 9--15
 [] [] [] 
 []


Overfull \hbox (477.0177pt too wide) has occurred while \output is active
 [] [] [] 
 []

)
Package babel Info: Redefining portuges shorthand "|
(babel)             in language  on input line 147.
Package babel Info: Redefining portuges shorthand "|
(babel)             in language  on input line 147.
 [4



]
\openout2 = `parte1_pre-textuais/item15_sumario.aux'.

 (./parte1_pre-textuais/item15_sumario.tex (./main.toc
Overfull \hbox (37.02248pt too wide) in paragraph at lines 19--19
 [] [] []  
 []

Package babel Info: Redefining portuges shorthand "|
(babel)             in language  on input line 26.
Package babel Info: Redefining portuges shorthand "|
(babel)             in language  on input line 26.
[5



])
\tf@toc=\write6
\openout6 = `main.toc'.

)
Package babel Info: Redefining portuges shorthand "|
(babel)             in language  on input line 148.
Package babel Info: Redefining portuges shorthand "|
(babel)             in language  on input line 148.
 [6]
\openout2 = `parte2_textuais/cap1_introducao.aux'.

 (./parte2_textuais/cap1_introducao.tex
Cap\'{\i }tulo 1.
Package babel Info: Redefining portuges shorthand "|
(babel)             in language  on input line 3.
Package babel Info: Redefining portuges shorthand "|
(babel)             in language  on input line 5.

Package natbib Warning: Citation `Silver2017' on page 1 undefined on input line
 6.


Package natbib Warning: Citation `olga2015' on page 1 undefined on input line 6
.


Package natbib Warning: Citation `goldberg2015' on page 1 undefined on input li
ne 6.


Package natbib Warning: Citation `bojarski2016' on page 1 undefined on input li
ne 6.


Package natbib Warning: Citation `jhala2009' on page 1 undefined on input line 
9.


Package natbib Warning: Citation `bahrampour2015' on page 1 undefined on input 
line 11.


Package natbib Warning: Citation `oshima2007' on page 1 undefined on input line
 11.

Package babel Info: Redefining portuges shorthand "|
(babel)             in language  on input line 12.
Package babel Info: Redefining portuges shorthand "|
(babel)             in language  on input line 12.
[1



]

Package natbib Warning: Citation `monteiro2018' on page 2 undefined on input li
ne 13.


Package natbib Warning: Citation `karimi2010' on page 2 undefined on input line
 15.


Package natbib Warning: Citation `clarke2001' on page 2 undefined on input line
 19.


Package natbib Warning: Citation `marta2016' on page 2 undefined on input line 
19.


Package natbib Warning: Citation `kroening2018' on page 2 undefined on input li
ne 19.

Package babel Info: Redefining portuges shorthand "|
(babel)             in language  on input line 21.
Package babel Info: Redefining portuges shorthand "|
(babel)             in language  on input line 22.
Package babel Info: Redefining portuges shorthand "|
(babel)             in language  on input line 23.
Package babel Info: Redefining portuges shorthand "|
(babel)             in language  on input line 24.
Package babel Info: Redefining portuges shorthand "|
(babel)             in language  on input line 25.
Package babel Info: Redefining portuges shorthand "|
(babel)             in language  on input line 27.
Package babel Info: Redefining portuges shorthand "|
(babel)             in language  on input line 27.
[2]
Package babel Info: Redefining portuges shorthand "|
(babel)             in language  on input line 28.
Package babel Info: Redefining portuges shorthand "|
(babel)             in language  on input line 43.
)
Package babel Info: Redefining portuges shorthand "|
(babel)             in language  on input line 150.
Package babel Info: Redefining portuges shorthand "|
(babel)             in language  on input line 150.
 [3]
\openout2 = `parte2_textuais/cap2_fundamentacao.aux'.

 (./parte2_textuais/cap2_fundamentacao.tex
Cap\'{\i }tulo 2.
Package babel Info: Redefining portuges shorthand "|
(babel)             in language  on input line 1.
Package babel Info: Redefining portuges shorthand "|
(babel)             in language  on input line 2.
Package babel Info: Redefining portuges shorthand "|
(babel)             in language  on input line 3.

! LaTeX Error: Cannot determine size of graphic in pasta1_figuras/neuronio_arti
ficial.jpg (no BoundingBox).

See the LaTeX manual or LaTeX Companion for explanation.
Type  H <return>  for immediate help.
 ...                                              
                                                  
l.9 ....7]{pasta1_figuras/neuronio_artificial.jpg}
                                                  
Try typing  <return>  to proceed.
If that doesn't work, type  X <return>  to quit.

File: pasta1_figuras/neuronio_artificial.jpg Graphic file (type eps)
<pasta1_figuras/neuronio_artificial.jpg>
Package babel Info: Redefining portuges shorthand "|
(babel)             in language  on input line 16.
Package babel Info: Redefining portuges shorthand "|
(babel)             in language  on input line 16.
 [4



]

! LaTeX Error: Cannot determine size of graphic in pasta1_figuras/rna-Feedfowar
d.png (no BoundingBox).

See the LaTeX manual or LaTeX Companion for explanation.
Type  H <return>  for immediate help.
 ...                                              
                                                  
l.22 ...le=0.4]{pasta1_figuras/rna-Feedfoward.png}
                                                  
Try typing  <return>  to proceed.
If that doesn't work, type  X <return>  to quit.

File: pasta1_figuras/rna-Feedfoward.png Graphic file (type eps)
<pasta1_figuras/rna-Feedfoward.png>

! LaTeX Error: Cannot determine size of graphic in pasta1_figuras/redes-recorre
ntes.png (no BoundingBox).

See the LaTeX manual or LaTeX Companion for explanation.
Type  H <return>  for immediate help.
 ...                                              
                                                  
l.31 ....35]{pasta1_figuras/redes-recorrentes.png}
                                                  
Try typing  <return>  to proceed.
If that doesn't work, type  X <return>  to quit.

File: pasta1_figuras/redes-recorrentes.png Graphic file (type eps)
<pasta1_figuras/redes-recorrentes.png>

! LaTeX Error: Cannot determine size of graphic in pasta1_figuras/pmc.pdf (no B
oundingBox).

See the LaTeX manual or LaTeX Companion for explanation.
Type  H <return>  for immediate help.
 ...                                              
                                                  
l.42 ...ale=0.4,angle=-90]{pasta1_figuras/pmc.pdf}
                                                  
Try typing  <return>  to proceed.
If that doesn't work, type  X <return>  to quit.

File: pasta1_figuras/pmc.pdf Graphic file (type eps)
<pasta1_figuras/pmc.pdf>
Package babel Info: Redefining portuges shorthand "|
(babel)             in language  on input line 45.
Package babel Info: Redefining portuges shorthand "|
(babel)             in language  on input line 45.
 [5]
Package babel Info: Redefining portuges shorthand "|
(babel)             in language  on input line 47.


Package natbib Warning: Citation `jhala2009' on page 6 undefined on input line 
48.


Package natbib Warning: Citation `clarke2001' on page 6 undefined on input line
 50.

Package babel Info: Redefining portuges shorthand "|
(babel)             in language  on input line 51.
Package babel Info: Redefining portuges shorthand "|
(babel)             in language  on input line 51.
[6]

Package natbib Warning: Citation `clarke2001' on page 7 undefined on input line
 53.


Package natbib Warning: Citation `monteiro2018' on page 7 undefined on input li
ne 56.


Package natbib Warning: Citation `gklee' on page 7 undefined on input line 56.


Package natbib Warning: Citation `gpuverify' on page 7 undefined on input line 
56.


Package natbib Warning: Citation `monteiro2018' on page 7 undefined on input li
ne 59.


Package natbib Warning: Citation `cordeiro2012' on page 7 undefined on input li
ne 62.

Package babel Info: Redefining portuges shorthand "|
(babel)             in language  on input line 66.
Package babel Info: Redefining portuges shorthand "|
(babel)             in language  on input line 66.
[7]

Package natbib Warning: Citation `cordeiro2011' on page 8 undefined on input li
ne 68.


Package natbib Warning: Citation `kahlon2009' on page 8 undefined on input line
 71.


Package natbib Warning: Citation `morse2015' on page 8 undefined on input line 
71.

Package babel Info: Redefining portuges shorthand "|
(babel)             in language  on input line 74.
LaTeX Font Info:    Try loading font information for OML+cmr on input line 78.
(/usr/local/texlive/2018/texmf-dist/tex/latex/base/omlcmr.fd
File: omlcmr.fd 2014/09/29 v2.5h Standard LaTeX font definitions
)
LaTeX Font Info:    Font shape `OML/cmr/m/n' in size <12> not available
(Font)              Font shape `OML/cmm/m/it' tried instead on input line 78.
Package babel Info: Redefining portuges shorthand "|
(babel)             in language  on input line 79.
Package babel Info: Redefining portuges shorthand "|
(babel)             in language  on input line 79.
 [8]

Package natbib Warning: Citation `liang2017' on page 9 undefined on input line 
89.

Package babel Info: Redefining portuges shorthand "|
(babel)             in language  on input line 93.
Package babel Info: Redefining portuges shorthand "|
(babel)             in language  on input line 93.
[9]

Package natbib Warning: Citation `Kim2017' on page 10 undefined on input line 9
3.


Package natbib Warning: Citation `wang2015' on page 10 undefined on input line 
93.

Package babel Info: Redefining portuges shorthand "|
(babel)             in language  on input line 95.

Package natbib Warning: Citation `reluplex' on page 10 undefined on input line 
100.


Package natbib Warning: Citation `Bartels1971' on page 10 undefined on input li
ne 100.


Package natbib Warning: Citation `marta2016' on page 10 undefined on input line
 103.


Package natbib Warning: Citation `z3' on page 10 undefined on input line 103.

Package babel Info: Redefining portuges shorthand "|
(babel)             in language  on input line 105.
Package babel Info: Redefining portuges shorthand "|
(babel)             in language  on input line 105.
[10]

Package natbib Warning: Citation `kroening2018' on page 11 undefined on input l
ine 105.


Package natbib Warning: Citation `chang2007' on page 11 undefined on input line
 105.

)
Package babel Info: Redefining portuges shorthand "|
(babel)             in language  on input line 151.
Package babel Info: Redefining portuges shorthand "|
(babel)             in language  on input line 151.
 [11]
\openout2 = `parte2_textuais/cap3_modelagem.aux'.

 (./parte2_textuais/cap3_modelagem.tex
Cap\'{\i }tulo 3.
Package babel Info: Redefining portuges shorthand "|
(babel)             in language  on input line 1.
)
Package babel Info: Redefining portuges shorthand "|
(babel)             in language  on input line 152.
Package babel Info: Redefining portuges shorthand "|
(babel)             in language  on input line 152.
 [12



]
\openout2 = `parte2_textuais/cap4_metodologia.aux'.

 (./parte2_textuais/cap4_metodologia.tex
Cap\'{\i }tulo 4.
Package babel Info: Redefining portuges shorthand "|
(babel)             in language  on input line 1.
)
Package babel Info: Redefining portuges shorthand "|
(babel)             in language  on input line 153.
Package babel Info: Redefining portuges shorthand "|
(babel)             in language  on input line 153.
 [13



]
\openout2 = `parte2_textuais/cap5_resultados.aux'.

 (./parte2_textuais/cap5_resultados.tex
Cap\'{\i }tulo 5.
Package babel Info: Redefining portuges shorthand "|
(babel)             in language  on input line 1.
Package babel Info: Redefining portuges shorthand "|
(babel)             in language  on input line 2.
Package babel Info: Redefining portuges shorthand "|
(babel)             in language  on input line 3.
Package babel Info: Redefining portuges shorthand "|
(babel)             in language  on input line 4.
Package babel Info: Redefining portuges shorthand "|
(babel)             in language  on input line 5.
)
Package babel Info: Redefining portuges shorthand "|
(babel)             in language  on input line 154.
Package babel Info: Redefining portuges shorthand "|
(babel)             in language  on input line 154.
 [14



]
\openout2 = `parte2_textuais/cap6_conclusao.aux'.

 (./parte2_textuais/cap6_conclusao.tex
Cap\'{\i }tulo 6.
Package babel Info: Redefining portuges shorthand "|
(babel)             in language  on input line 1.
Package babel Info: Redefining portuges shorthand "|
(babel)             in language  on input line 2.
Package babel Info: Redefining portuges shorthand "|
(babel)             in language  on input line 3.
)
Package babel Info: Redefining portuges shorthand "|
(babel)             in language  on input line 155.
Package babel Info: Redefining portuges shorthand "|
(babel)             in language  on input line 155.
 [15



]
No file main.bbl.

Package natbib Warning: There were undefined citations.

Package atveryend Info: Empty hook `BeforeClearDocument' on input line 169.
Package atveryend Info: Empty hook `AfterLastShipout' on input line 169.
(./main.aux (./parte1_pre-textuais/item01_capa.aux)
(./parte1_pre-textuais/item03_folha_de_rosto.aux)
(./parte1_pre-textuais/item06_dedicatoria.aux)
(./parte1_pre-textuais/item07_agradecimentos.aux)
(./parte1_pre-textuais/item08_epigrafe.aux)
(./parte1_pre-textuais/item09_resumo.aux)
(./parte1_pre-textuais/item10_abstract.aux)
(./parte1_pre-textuais/item11_lista_de_figuras.aux)
(./parte1_pre-textuais/item12_lista_de_tabelas.aux)
(./parte1_pre-textuais/item13_lista_de_siglas.aux)
(./parte1_pre-textuais/item14_lista_de_simbolos.aux)
(./parte1_pre-textuais/item15_sumario.aux)
(./parte2_textuais/cap1_introducao.aux)
(./parte2_textuais/cap2_fundamentacao.aux)
(./parte2_textuais/cap3_modelagem.aux) (./parte2_textuais/cap4_metodologia.aux)
(./parte2_textuais/cap5_resultados.aux) (./parte2_textuais/cap6_conclusao.aux))
Package atveryend Info: Empty hook `AtVeryEndDocument' on input line 169.
Package atveryend Info: Executing hook `AtEndAfterFileList' on input line 169.
Package rerunfilecheck Info: File `main.out' has not changed.
(rerunfilecheck)             Checksum: C02D52957F76607BA1688665AE848C68;1718.
Package atveryend Info: Empty hook `AtVeryVeryEnd' on input line 169.
 ) 
Here is how much of TeX's memory you used:
 11612 strings out of 492650
 173476 string characters out of 6129648
 329665 words of memory out of 5000000
 15157 multiletter control sequences out of 15000+600000
 11609 words of font info for 44 fonts, out of 8000000 for 9000
 1141 hyphenation exceptions out of 8191
 42i,15n,43p,1289b,487s stack positions out of 5000i,500n,10000p,200000b,80000s

Output written on main.dvi (28 pages, 78272 bytes).
