\BOOKMARK [0][-]{chapter.1}{Introdu\347\343o}{}% 1
\BOOKMARK [1][-]{section.1.1}{Confiabilidade de ANN's}{chapter.1}% 2
\BOOKMARK [2][-]{subsection.1.1.1}{Definir o Problema}{section.1.1}% 3
\BOOKMARK [2][-]{subsection.1.1.2}{Motivar/Justificar}{section.1.1}% 4
\BOOKMARK [2][-]{subsection.1.1.3}{Apresentar Hip\363teses}{section.1.1}% 5
\BOOKMARK [1][-]{section.1.2}{Objetivos}{chapter.1}% 6
\BOOKMARK [2][-]{subsection.1.2.1}{Objetivo Geral}{section.1.2}% 7
\BOOKMARK [2][-]{subsection.1.2.2}{Objetivo Espec\355fico}{section.1.2}% 8
\BOOKMARK [1][-]{section.1.3}{Organiza\347\343o do Trabalho}{chapter.1}% 9
\BOOKMARK [0][-]{chapter.2}{Revis\343o Bibliogr\341fica}{}% 10
\BOOKMARK [1][-]{section.2.1}{Fundamenta\347\343o Te\363rica}{chapter.2}% 11
\BOOKMARK [2][-]{subsection.2.1.1}{Redes Neurais}{section.2.1}% 12
\BOOKMARK [2][-]{subsection.2.1.2}{Verifica\347\343o}{section.2.1}% 13
\BOOKMARK [2][-]{subsection.2.1.3}{CUDA}{section.2.1}% 14
\BOOKMARK [1][-]{section.2.2}{Trabalhos Relacionados}{chapter.2}% 15
\BOOKMARK [0][-]{chapter.3}{Verifica\347\343o de Modelos Aplicado a Redes Neurais Implementadas em CUDA}{}% 16
\BOOKMARK [0][-]{chapter.4}{ESBMC-GPU e Modelos Operacionais}{}% 17
\BOOKMARK [0][-]{chapter.5}{Aplica\347\343o Experimental}{}% 18
\BOOKMARK [1][-]{section.5.1}{Objetivos Experimentais}{chapter.5}% 19
\BOOKMARK [1][-]{section.5.2}{Descri\347\343o dos Experimentos}{chapter.5}% 20
\BOOKMARK [1][-]{section.5.3}{Ambiente Experimental}{chapter.5}% 21
\BOOKMARK [1][-]{section.5.4}{Resultados}{chapter.5}% 22
\BOOKMARK [0][-]{chapter.6}{Conclus\343o}{}% 23
\BOOKMARK [1][-]{section.6.1}{Conseidera\347\365es Finais}{chapter.6}% 24
\BOOKMARK [1][-]{section.6.2}{Trabalhos Futuros}{chapter.6}% 25
